<?xml version="1.0" encoding="UTF-8"?>
<testsuite xmlns:xsi="http://www.w3.org/2001/XMLSchema-instance" xsi:noNamespaceSchemaLocation="https://maven.apache.org/surefire/maven-surefire-plugin/xsd/surefire-test-report-3.0.xsd" version="3.0" name="org.example.fieldsmanagement.FieldsManagementApplicationTests" time="111.503" tests="1" errors="0" skipped="0" failures="0">
  <properties>
    <property name="java.specification.version" value="17"/>
    <property name="sun.cpu.isalist" value="amd64"/>
    <property name="sun.jnu.encoding" value="Cp1252"/>
    <property name="java.class.path" value="D:\CloudComputing\reserva-canchas\fields-microservice\target\test-classes;D:\CloudComputing\reserva-canchas\fields-microservice\target\classes;C:\Users\mateo\.m2\repository\org\springframework\boot\spring-boot-starter-data-jpa\3.3.4\spring-boot-starter-data-jpa-3.3.4.jar;C:\Users\mateo\.m2\repository\org\springframework\boot\spring-boot-starter-aop\3.3.4\spring-boot-starter-aop-3.3.4.jar;C:\Users\mateo\.m2\repository\org\springframework\spring-aop\6.1.13\spring-aop-6.1.13.jar;C:\Users\mateo\.m2\repository\org\aspectj\aspectjweaver\1.9.22.1\aspectjweaver-1.9.22.1.jar;C:\Users\mateo\.m2\repository\org\springframework\boot\spring-boot-starter-jdbc\3.3.4\spring-boot-starter-jdbc-3.3.4.jar;C:\Users\mateo\.m2\repository\com\zaxxer\HikariCP\5.1.0\HikariCP-5.1.0.jar;C:\Users\mateo\.m2\repository\org\springframework\spring-jdbc\6.1.13\spring-jdbc-6.1.13.jar;C:\Users\mateo\.m2\repository\org\hibernate\orm\hibernate-core\6.5.3.Final\hibernate-core-6.5.3.Final.jar;C:\Users\mateo\.m2\repository\jakarta\persistence\jakarta.persistence-api\3.1.0\jakarta.persistence-api-3.1.0.jar;C:\Users\mateo\.m2\repository\jakarta\transaction\jakarta.transaction-api\2.0.1\jakarta.transaction-api-2.0.1.jar;C:\Users\mateo\.m2\repository\org\jboss\logging\jboss-logging\3.5.3.Final\jboss-logging-3.5.3.Final.jar;C:\Users\mateo\.m2\repository\org\hibernate\common\hibernate-commons-annotations\6.0.6.Final\hibernate-commons-annotations-6.0.6.Final.jar;C:\Users\mateo\.m2\repository\io\smallrye\jandex\3.1.2\jandex-3.1.2.jar;C:\Users\mateo\.m2\repository\com\fasterxml\classmate\1.7.0\classmate-1.7.0.jar;C:\Users\mateo\.m2\repository\net\bytebuddy\byte-buddy\1.14.19\byte-buddy-1.14.19.jar;C:\Users\mateo\.m2\repository\org\glassfish\jaxb\jaxb-runtime\4.0.5\jaxb-runtime-4.0.5.jar;C:\Users\mateo\.m2\repository\org\glassfish\jaxb\jaxb-core\4.0.5\jaxb-core-4.0.5.jar;C:\Users\mateo\.m2\repository\org\eclipse\angus\angus-activation\2.0.2\angus-activation-2.0.2.jar;C:\Users\mateo\.m2\repository\org\glassfish\jaxb\txw2\4.0.5\txw2-4.0.5.jar;C:\Users\mateo\.m2\repository\com\sun\istack\istack-commons-runtime\4.1.2\istack-commons-runtime-4.1.2.jar;C:\Users\mateo\.m2\repository\jakarta\inject\jakarta.inject-api\2.0.1\jakarta.inject-api-2.0.1.jar;C:\Users\mateo\.m2\repository\org\antlr\antlr4-runtime\4.13.0\antlr4-runtime-4.13.0.jar;C:\Users\mateo\.m2\repository\org\springframework\data\spring-data-jpa\3.3.4\spring-data-jpa-3.3.4.jar;C:\Users\mateo\.m2\repository\org\springframework\data\spring-data-commons\3.3.4\spring-data-commons-3.3.4.jar;C:\Users\mateo\.m2\repository\org\springframework\spring-orm\6.1.13\spring-orm-6.1.13.jar;C:\Users\mateo\.m2\repository\org\springframework\spring-context\6.1.13\spring-context-6.1.13.jar;C:\Users\mateo\.m2\repository\org\springframework\spring-tx\6.1.13\spring-tx-6.1.13.jar;C:\Users\mateo\.m2\repository\org\springframework\spring-beans\6.1.13\spring-beans-6.1.13.jar;C:\Users\mateo\.m2\repository\jakarta\annotation\jakarta.annotation-api\2.1.1\jakarta.annotation-api-2.1.1.jar;C:\Users\mateo\.m2\repository\org\slf4j\slf4j-api\2.0.16\slf4j-api-2.0.16.jar;C:\Users\mateo\.m2\repository\org\springframework\spring-aspects\6.1.13\spring-aspects-6.1.13.jar;C:\Users\mateo\.m2\repository\org\springframework\boot\spring-boot-starter-web\3.3.4\spring-boot-starter-web-3.3.4.jar;C:\Users\mateo\.m2\repository\org\springframework\boot\spring-boot-starter\3.3.4\spring-boot-starter-3.3.4.jar;C:\Users\mateo\.m2\repository\org\springframework\boot\spring-boot\3.3.4\spring-boot-3.3.4.jar;C:\Users\mateo\.m2\repository\org\springframework\boot\spring-boot-starter-logging\3.3.4\spring-boot-starter-logging-3.3.4.jar;C:\Users\mateo\.m2\repository\ch\qos\logback\logback-classic\1.5.8\logback-classic-1.5.8.jar;C:\Users\mateo\.m2\repository\ch\qos\logback\logback-core\1.5.8\logback-core-1.5.8.jar;C:\Users\mateo\.m2\repository\org\apache\logging\log4j\log4j-to-slf4j\2.23.1\log4j-to-slf4j-2.23.1.jar;C:\Users\mateo\.m2\repository\org\apache\logging\log4j\log4j-api\2.23.1\log4j-api-2.23.1.jar;C:\Users\mateo\.m2\repository\org\slf4j\jul-to-slf4j\2.0.16\jul-to-slf4j-2.0.16.jar;C:\Users\mateo\.m2\repository\org\yaml\snakeyaml\2.2\snakeyaml-2.2.jar;C:\Users\mateo\.m2\repository\org\springframework\boot\spring-boot-starter-json\3.3.4\spring-boot-starter-json-3.3.4.jar;C:\Users\mateo\.m2\repository\com\fasterxml\jackson\core\jackson-databind\2.17.2\jackson-databind-2.17.2.jar;C:\Users\mateo\.m2\repository\com\fasterxml\jackson\core\jackson-annotations\2.17.2\jackson-annotations-2.17.2.jar;C:\Users\mateo\.m2\repository\com\fasterxml\jackson\core\jackson-core\2.17.2\jackson-core-2.17.2.jar;C:\Users\mateo\.m2\repository\com\fasterxml\jackson\datatype\jackson-datatype-jdk8\2.17.2\jackson-datatype-jdk8-2.17.2.jar;C:\Users\mateo\.m2\repository\com\fasterxml\jackson\datatype\jackson-datatype-jsr310\2.17.2\jackson-datatype-jsr310-2.17.2.jar;C:\Users\mateo\.m2\repository\com\fasterxml\jackson\module\jackson-module-parameter-names\2.17.2\jackson-module-parameter-names-2.17.2.jar;C:\Users\mateo\.m2\repository\org\springframework\boot\spring-boot-starter-tomcat\3.3.4\spring-boot-starter-tomcat-3.3.4.jar;C:\Users\mateo\.m2\repository\org\apache\tomcat\embed\tomcat-embed-core\10.1.30\tomcat-embed-core-10.1.30.jar;C:\Users\mateo\.m2\repository\org\apache\tomcat\embed\tomcat-embed-el\10.1.30\tomcat-embed-el-10.1.30.jar;C:\Users\mateo\.m2\repository\org\apache\tomcat\embed\tomcat-embed-websocket\10.1.30\tomcat-embed-websocket-10.1.30.jar;C:\Users\mateo\.m2\repository\org\springframework\spring-web\6.1.13\spring-web-6.1.13.jar;C:\Users\mateo\.m2\repository\io\micrometer\micrometer-observation\1.13.4\micrometer-observation-1.13.4.jar;C:\Users\mateo\.m2\repository\io\micrometer\micrometer-commons\1.13.4\micrometer-commons-1.13.4.jar;C:\Users\mateo\.m2\repository\org\springframework\spring-webmvc\6.1.13\spring-webmvc-6.1.13.jar;C:\Users\mateo\.m2\repository\org\springframework\spring-expression\6.1.13\spring-expression-6.1.13.jar;C:\Users\mateo\.m2\repository\org\postgresql\postgresql\42.7.4\postgresql-42.7.4.jar;C:\Users\mateo\.m2\repository\org\checkerframework\checker-qual\3.42.0\checker-qual-3.42.0.jar;C:\Users\mateo\.m2\repository\org\projectlombok\lombok\1.18.34\lombok-1.18.34.jar;C:\Users\mateo\.m2\repository\org\springframework\boot\spring-boot-starter-test\3.3.4\spring-boot-starter-test-3.3.4.jar;C:\Users\mateo\.m2\repository\org\springframework\boot\spring-boot-test\3.3.4\spring-boot-test-3.3.4.jar;C:\Users\mateo\.m2\repository\org\springframework\boot\spring-boot-test-autoconfigure\3.3.4\spring-boot-test-autoconfigure-3.3.4.jar;C:\Users\mateo\.m2\repository\com\jayway\jsonpath\json-path\2.9.0\json-path-2.9.0.jar;C:\Users\mateo\.m2\repository\jakarta\xml\bind\jakarta.xml.bind-api\4.0.2\jakarta.xml.bind-api-4.0.2.jar;C:\Users\mateo\.m2\repository\jakarta\activation\jakarta.activation-api\2.1.3\jakarta.activation-api-2.1.3.jar;C:\Users\mateo\.m2\repository\net\minidev\json-smart\2.5.1\json-smart-2.5.1.jar;C:\Users\mateo\.m2\repository\net\minidev\accessors-smart\2.5.1\accessors-smart-2.5.1.jar;C:\Users\mateo\.m2\repository\org\ow2\asm\asm\9.6\asm-9.6.jar;C:\Users\mateo\.m2\repository\org\assertj\assertj-core\3.25.3\assertj-core-3.25.3.jar;C:\Users\mateo\.m2\repository\org\awaitility\awaitility\4.2.2\awaitility-4.2.2.jar;C:\Users\mateo\.m2\repository\org\hamcrest\hamcrest\2.2\hamcrest-2.2.jar;C:\Users\mateo\.m2\repository\org\junit\jupiter\junit-jupiter\5.10.3\junit-jupiter-5.10.3.jar;C:\Users\mateo\.m2\repository\org\junit\jupiter\junit-jupiter-api\5.10.3\junit-jupiter-api-5.10.3.jar;C:\Users\mateo\.m2\repository\org\opentest4j\opentest4j\1.3.0\opentest4j-1.3.0.jar;C:\Users\mateo\.m2\repository\org\junit\platform\junit-platform-commons\1.10.3\junit-platform-commons-1.10.3.jar;C:\Users\mateo\.m2\repository\org\apiguardian\apiguardian-api\1.1.2\apiguardian-api-1.1.2.jar;C:\Users\mateo\.m2\repository\org\junit\jupiter\junit-jupiter-params\5.10.3\junit-jupiter-params-5.10.3.jar;C:\Users\mateo\.m2\repository\org\junit\jupiter\junit-jupiter-engine\5.10.3\junit-jupiter-engine-5.10.3.jar;C:\Users\mateo\.m2\repository\org\junit\platform\junit-platform-engine\1.10.3\junit-platform-engine-1.10.3.jar;C:\Users\mateo\.m2\repository\org\mockito\mockito-core\5.11.0\mockito-core-5.11.0.jar;C:\Users\mateo\.m2\repository\net\bytebuddy\byte-buddy-agent\1.14.19\byte-buddy-agent-1.14.19.jar;C:\Users\mateo\.m2\repository\org\objenesis\objenesis\3.3\objenesis-3.3.jar;C:\Users\mateo\.m2\repository\org\mockito\mockito-junit-jupiter\5.11.0\mockito-junit-jupiter-5.11.0.jar;C:\Users\mateo\.m2\repository\org\skyscreamer\jsonassert\1.5.3\jsonassert-1.5.3.jar;C:\Users\mateo\.m2\repository\com\vaadin\external\google\android-json\0.0.20131108.vaadin1\android-json-0.0.20131108.vaadin1.jar;C:\Users\mateo\.m2\repository\org\springframework\spring-core\6.1.13\spring-core-6.1.13.jar;C:\Users\mateo\.m2\repository\org\springframework\spring-jcl\6.1.13\spring-jcl-6.1.13.jar;C:\Users\mateo\.m2\repository\org\springframework\spring-test\6.1.13\spring-test-6.1.13.jar;C:\Users\mateo\.m2\repository\org\xmlunit\xmlunit-core\2.9.1\xmlunit-core-2.9.1.jar;C:\Users\mateo\.m2\repository\org\springframework\boot\spring-boot-testcontainers\3.3.4\spring-boot-testcontainers-3.3.4.jar;C:\Users\mateo\.m2\repository\org\springframework\boot\spring-boot-autoconfigure\3.3.4\spring-boot-autoconfigure-3.3.4.jar;C:\Users\mateo\.m2\repository\org\testcontainers\testcontainers\1.19.8\testcontainers-1.19.8.jar;C:\Users\mateo\.m2\repository\junit\junit\4.13.2\junit-4.13.2.jar;C:\Users\mateo\.m2\repository\org\hamcrest\hamcrest-core\2.2\hamcrest-core-2.2.jar;C:\Users\mateo\.m2\repository\org\apache\commons\commons-compress\1.24.0\commons-compress-1.24.0.jar;C:\Users\mateo\.m2\repository\org\rnorth\duct-tape\duct-tape\1.0.8\duct-tape-1.0.8.jar;C:\Users\mateo\.m2\repository\org\jetbrains\annotations\17.0.0\annotations-17.0.0.jar;C:\Users\mateo\.m2\repository\com\github\docker-java\docker-java-api\3.3.6\docker-java-api-3.3.6.jar;C:\Users\mateo\.m2\repository\com\github\docker-java\docker-java-transport-zerodep\3.3.6\docker-java-transport-zerodep-3.3.6.jar;C:\Users\mateo\.m2\repository\com\github\docker-java\docker-java-transport\3.3.6\docker-java-transport-3.3.6.jar;C:\Users\mateo\.m2\repository\net\java\dev\jna\jna\5.13.0\jna-5.13.0.jar;C:\Users\mateo\.m2\repository\org\testcontainers\junit-jupiter\1.19.8\junit-jupiter-1.19.8.jar;C:\Users\mateo\.m2\repository\org\testcontainers\postgresql\1.19.8\postgresql-1.19.8.jar;C:\Users\mateo\.m2\repository\org\testcontainers\jdbc\1.19.8\jdbc-1.19.8.jar;C:\Users\mateo\.m2\repository\org\testcontainers\database-commons\1.19.8\database-commons-1.19.8.jar;"/>
    <property name="java.vm.vendor" value="Amazon.com Inc."/>
    <property name="sun.arch.data.model" value="64"/>
    <property name="user.variant" value=""/>
    <property name="java.vendor.url" value="https://aws.amazon.com/corretto/"/>
    <property name="user.timezone" value="America/Lima"/>
    <property name="org.jboss.logging.provider" value="slf4j"/>
    <property name="os.name" value="Windows 10"/>
    <property name="java.vm.specification.version" value="17"/>
    <property name="sun.java.launcher" value="SUN_STANDARD"/>
    <property name="user.country" value="PE"/>
    <property name="sun.boot.library.path" value="C:\Users\mateo\.jdks\corretto-17.0.10\bin"/>
    <property name="sun.java.command" value="C:\Users\mateo\AppData\Local\Temp\surefire15069834702148528075\surefirebooter-20241005021803319_3.jar C:\Users\mateo\AppData\Local\Temp\surefire15069834702148528075 2024-10-05T02-18-03_150-jvmRun1 surefire-20241005021803319_1tmp surefire_0-20241005021803319_2tmp"/>
    <property name="jdk.debug" value="release"/>
    <property name="surefire.test.class.path" value="D:\CloudComputing\reserva-canchas\fields-microservice\target\test-classes;D:\CloudComputing\reserva-canchas\fields-microservice\target\classes;C:\Users\mateo\.m2\repository\org\springframework\boot\spring-boot-starter-data-jpa\3.3.4\spring-boot-starter-data-jpa-3.3.4.jar;C:\Users\mateo\.m2\repository\org\springframework\boot\spring-boot-starter-aop\3.3.4\spring-boot-starter-aop-3.3.4.jar;C:\Users\mateo\.m2\repository\org\springframework\spring-aop\6.1.13\spring-aop-6.1.13.jar;C:\Users\mateo\.m2\repository\org\aspectj\aspectjweaver\1.9.22.1\aspectjweaver-1.9.22.1.jar;C:\Users\mateo\.m2\repository\org\springframework\boot\spring-boot-starter-jdbc\3.3.4\spring-boot-starter-jdbc-3.3.4.jar;C:\Users\mateo\.m2\repository\com\zaxxer\HikariCP\5.1.0\HikariCP-5.1.0.jar;C:\Users\mateo\.m2\repository\org\springframework\spring-jdbc\6.1.13\spring-jdbc-6.1.13.jar;C:\Users\mateo\.m2\repository\org\hibernate\orm\hibernate-core\6.5.3.Final\hibernate-core-6.5.3.Final.jar;C:\Users\mateo\.m2\repository\jakarta\persistence\jakarta.persistence-api\3.1.0\jakarta.persistence-api-3.1.0.jar;C:\Users\mateo\.m2\repository\jakarta\transaction\jakarta.transaction-api\2.0.1\jakarta.transaction-api-2.0.1.jar;C:\Users\mateo\.m2\repository\org\jboss\logging\jboss-logging\3.5.3.Final\jboss-logging-3.5.3.Final.jar;C:\Users\mateo\.m2\repository\org\hibernate\common\hibernate-commons-annotations\6.0.6.Final\hibernate-commons-annotations-6.0.6.Final.jar;C:\Users\mateo\.m2\repository\io\smallrye\jandex\3.1.2\jandex-3.1.2.jar;C:\Users\mateo\.m2\repository\com\fasterxml\classmate\1.7.0\classmate-1.7.0.jar;C:\Users\mateo\.m2\repository\net\bytebuddy\byte-buddy\1.14.19\byte-buddy-1.14.19.jar;C:\Users\mateo\.m2\repository\org\glassfish\jaxb\jaxb-runtime\4.0.5\jaxb-runtime-4.0.5.jar;C:\Users\mateo\.m2\repository\org\glassfish\jaxb\jaxb-core\4.0.5\jaxb-core-4.0.5.jar;C:\Users\mateo\.m2\repository\org\eclipse\angus\angus-activation\2.0.2\angus-activation-2.0.2.jar;C:\Users\mateo\.m2\repository\org\glassfish\jaxb\txw2\4.0.5\txw2-4.0.5.jar;C:\Users\mateo\.m2\repository\com\sun\istack\istack-commons-runtime\4.1.2\istack-commons-runtime-4.1.2.jar;C:\Users\mateo\.m2\repository\jakarta\inject\jakarta.inject-api\2.0.1\jakarta.inject-api-2.0.1.jar;C:\Users\mateo\.m2\repository\org\antlr\antlr4-runtime\4.13.0\antlr4-runtime-4.13.0.jar;C:\Users\mateo\.m2\repository\org\springframework\data\spring-data-jpa\3.3.4\spring-data-jpa-3.3.4.jar;C:\Users\mateo\.m2\repository\org\springframework\data\spring-data-commons\3.3.4\spring-data-commons-3.3.4.jar;C:\Users\mateo\.m2\repository\org\springframework\spring-orm\6.1.13\spring-orm-6.1.13.jar;C:\Users\mateo\.m2\repository\org\springframework\spring-context\6.1.13\spring-context-6.1.13.jar;C:\Users\mateo\.m2\repository\org\springframework\spring-tx\6.1.13\spring-tx-6.1.13.jar;C:\Users\mateo\.m2\repository\org\springframework\spring-beans\6.1.13\spring-beans-6.1.13.jar;C:\Users\mateo\.m2\repository\jakarta\annotation\jakarta.annotation-api\2.1.1\jakarta.annotation-api-2.1.1.jar;C:\Users\mateo\.m2\repository\org\slf4j\slf4j-api\2.0.16\slf4j-api-2.0.16.jar;C:\Users\mateo\.m2\repository\org\springframework\spring-aspects\6.1.13\spring-aspects-6.1.13.jar;C:\Users\mateo\.m2\repository\org\springframework\boot\spring-boot-starter-web\3.3.4\spring-boot-starter-web-3.3.4.jar;C:\Users\mateo\.m2\repository\org\springframework\boot\spring-boot-starter\3.3.4\spring-boot-starter-3.3.4.jar;C:\Users\mateo\.m2\repository\org\springframework\boot\spring-boot\3.3.4\spring-boot-3.3.4.jar;C:\Users\mateo\.m2\repository\org\springframework\boot\spring-boot-starter-logging\3.3.4\spring-boot-starter-logging-3.3.4.jar;C:\Users\mateo\.m2\repository\ch\qos\logback\logback-classic\1.5.8\logback-classic-1.5.8.jar;C:\Users\mateo\.m2\repository\ch\qos\logback\logback-core\1.5.8\logback-core-1.5.8.jar;C:\Users\mateo\.m2\repository\org\apache\logging\log4j\log4j-to-slf4j\2.23.1\log4j-to-slf4j-2.23.1.jar;C:\Users\mateo\.m2\repository\org\apache\logging\log4j\log4j-api\2.23.1\log4j-api-2.23.1.jar;C:\Users\mateo\.m2\repository\org\slf4j\jul-to-slf4j\2.0.16\jul-to-slf4j-2.0.16.jar;C:\Users\mateo\.m2\repository\org\yaml\snakeyaml\2.2\snakeyaml-2.2.jar;C:\Users\mateo\.m2\repository\org\springframework\boot\spring-boot-starter-json\3.3.4\spring-boot-starter-json-3.3.4.jar;C:\Users\mateo\.m2\repository\com\fasterxml\jackson\core\jackson-databind\2.17.2\jackson-databind-2.17.2.jar;C:\Users\mateo\.m2\repository\com\fasterxml\jackson\core\jackson-annotations\2.17.2\jackson-annotations-2.17.2.jar;C:\Users\mateo\.m2\repository\com\fasterxml\jackson\core\jackson-core\2.17.2\jackson-core-2.17.2.jar;C:\Users\mateo\.m2\repository\com\fasterxml\jackson\datatype\jackson-datatype-jdk8\2.17.2\jackson-datatype-jdk8-2.17.2.jar;C:\Users\mateo\.m2\repository\com\fasterxml\jackson\datatype\jackson-datatype-jsr310\2.17.2\jackson-datatype-jsr310-2.17.2.jar;C:\Users\mateo\.m2\repository\com\fasterxml\jackson\module\jackson-module-parameter-names\2.17.2\jackson-module-parameter-names-2.17.2.jar;C:\Users\mateo\.m2\repository\org\springframework\boot\spring-boot-starter-tomcat\3.3.4\spring-boot-starter-tomcat-3.3.4.jar;C:\Users\mateo\.m2\repository\org\apache\tomcat\embed\tomcat-embed-core\10.1.30\tomcat-embed-core-10.1.30.jar;C:\Users\mateo\.m2\repository\org\apache\tomcat\embed\tomcat-embed-el\10.1.30\tomcat-embed-el-10.1.30.jar;C:\Users\mateo\.m2\repository\org\apache\tomcat\embed\tomcat-embed-websocket\10.1.30\tomcat-embed-websocket-10.1.30.jar;C:\Users\mateo\.m2\repository\org\springframework\spring-web\6.1.13\spring-web-6.1.13.jar;C:\Users\mateo\.m2\repository\io\micrometer\micrometer-observation\1.13.4\micrometer-observation-1.13.4.jar;C:\Users\mateo\.m2\repository\io\micrometer\micrometer-commons\1.13.4\micrometer-commons-1.13.4.jar;C:\Users\mateo\.m2\repository\org\springframework\spring-webmvc\6.1.13\spring-webmvc-6.1.13.jar;C:\Users\mateo\.m2\repository\org\springframework\spring-expression\6.1.13\spring-expression-6.1.13.jar;C:\Users\mateo\.m2\repository\org\postgresql\postgresql\42.7.4\postgresql-42.7.4.jar;C:\Users\mateo\.m2\repository\org\checkerframework\checker-qual\3.42.0\checker-qual-3.42.0.jar;C:\Users\mateo\.m2\repository\org\projectlombok\lombok\1.18.34\lombok-1.18.34.jar;C:\Users\mateo\.m2\repository\org\springframework\boot\spring-boot-starter-test\3.3.4\spring-boot-starter-test-3.3.4.jar;C:\Users\mateo\.m2\repository\org\springframework\boot\spring-boot-test\3.3.4\spring-boot-test-3.3.4.jar;C:\Users\mateo\.m2\repository\org\springframework\boot\spring-boot-test-autoconfigure\3.3.4\spring-boot-test-autoconfigure-3.3.4.jar;C:\Users\mateo\.m2\repository\com\jayway\jsonpath\json-path\2.9.0\json-path-2.9.0.jar;C:\Users\mateo\.m2\repository\jakarta\xml\bind\jakarta.xml.bind-api\4.0.2\jakarta.xml.bind-api-4.0.2.jar;C:\Users\mateo\.m2\repository\jakarta\activation\jakarta.activation-api\2.1.3\jakarta.activation-api-2.1.3.jar;C:\Users\mateo\.m2\repository\net\minidev\json-smart\2.5.1\json-smart-2.5.1.jar;C:\Users\mateo\.m2\repository\net\minidev\accessors-smart\2.5.1\accessors-smart-2.5.1.jar;C:\Users\mateo\.m2\repository\org\ow2\asm\asm\9.6\asm-9.6.jar;C:\Users\mateo\.m2\repository\org\assertj\assertj-core\3.25.3\assertj-core-3.25.3.jar;C:\Users\mateo\.m2\repository\org\awaitility\awaitility\4.2.2\awaitility-4.2.2.jar;C:\Users\mateo\.m2\repository\org\hamcrest\hamcrest\2.2\hamcrest-2.2.jar;C:\Users\mateo\.m2\repository\org\junit\jupiter\junit-jupiter\5.10.3\junit-jupiter-5.10.3.jar;C:\Users\mateo\.m2\repository\org\junit\jupiter\junit-jupiter-api\5.10.3\junit-jupiter-api-5.10.3.jar;C:\Users\mateo\.m2\repository\org\opentest4j\opentest4j\1.3.0\opentest4j-1.3.0.jar;C:\Users\mateo\.m2\repository\org\junit\platform\junit-platform-commons\1.10.3\junit-platform-commons-1.10.3.jar;C:\Users\mateo\.m2\repository\org\apiguardian\apiguardian-api\1.1.2\apiguardian-api-1.1.2.jar;C:\Users\mateo\.m2\repository\org\junit\jupiter\junit-jupiter-params\5.10.3\junit-jupiter-params-5.10.3.jar;C:\Users\mateo\.m2\repository\org\junit\jupiter\junit-jupiter-engine\5.10.3\junit-jupiter-engine-5.10.3.jar;C:\Users\mateo\.m2\repository\org\junit\platform\junit-platform-engine\1.10.3\junit-platform-engine-1.10.3.jar;C:\Users\mateo\.m2\repository\org\mockito\mockito-core\5.11.0\mockito-core-5.11.0.jar;C:\Users\mateo\.m2\repository\net\bytebuddy\byte-buddy-agent\1.14.19\byte-buddy-agent-1.14.19.jar;C:\Users\mateo\.m2\repository\org\objenesis\objenesis\3.3\objenesis-3.3.jar;C:\Users\mateo\.m2\repository\org\mockito\mockito-junit-jupiter\5.11.0\mockito-junit-jupiter-5.11.0.jar;C:\Users\mateo\.m2\repository\org\skyscreamer\jsonassert\1.5.3\jsonassert-1.5.3.jar;C:\Users\mateo\.m2\repository\com\vaadin\external\google\android-json\0.0.20131108.vaadin1\android-json-0.0.20131108.vaadin1.jar;C:\Users\mateo\.m2\repository\org\springframework\spring-core\6.1.13\spring-core-6.1.13.jar;C:\Users\mateo\.m2\repository\org\springframework\spring-jcl\6.1.13\spring-jcl-6.1.13.jar;C:\Users\mateo\.m2\repository\org\springframework\spring-test\6.1.13\spring-test-6.1.13.jar;C:\Users\mateo\.m2\repository\org\xmlunit\xmlunit-core\2.9.1\xmlunit-core-2.9.1.jar;C:\Users\mateo\.m2\repository\org\springframework\boot\spring-boot-testcontainers\3.3.4\spring-boot-testcontainers-3.3.4.jar;C:\Users\mateo\.m2\repository\org\springframework\boot\spring-boot-autoconfigure\3.3.4\spring-boot-autoconfigure-3.3.4.jar;C:\Users\mateo\.m2\repository\org\testcontainers\testcontainers\1.19.8\testcontainers-1.19.8.jar;C:\Users\mateo\.m2\repository\junit\junit\4.13.2\junit-4.13.2.jar;C:\Users\mateo\.m2\repository\org\hamcrest\hamcrest-core\2.2\hamcrest-core-2.2.jar;C:\Users\mateo\.m2\repository\org\apache\commons\commons-compress\1.24.0\commons-compress-1.24.0.jar;C:\Users\mateo\.m2\repository\org\rnorth\duct-tape\duct-tape\1.0.8\duct-tape-1.0.8.jar;C:\Users\mateo\.m2\repository\org\jetbrains\annotations\17.0.0\annotations-17.0.0.jar;C:\Users\mateo\.m2\repository\com\github\docker-java\docker-java-api\3.3.6\docker-java-api-3.3.6.jar;C:\Users\mateo\.m2\repository\com\github\docker-java\docker-java-transport-zerodep\3.3.6\docker-java-transport-zerodep-3.3.6.jar;C:\Users\mateo\.m2\repository\com\github\docker-java\docker-java-transport\3.3.6\docker-java-transport-3.3.6.jar;C:\Users\mateo\.m2\repository\net\java\dev\jna\jna\5.13.0\jna-5.13.0.jar;C:\Users\mateo\.m2\repository\org\testcontainers\junit-jupiter\1.19.8\junit-jupiter-1.19.8.jar;C:\Users\mateo\.m2\repository\org\testcontainers\postgresql\1.19.8\postgresql-1.19.8.jar;C:\Users\mateo\.m2\repository\org\testcontainers\jdbc\1.19.8\jdbc-1.19.8.jar;C:\Users\mateo\.m2\repository\org\testcontainers\database-commons\1.19.8\database-commons-1.19.8.jar;"/>
    <property name="sun.cpu.endian" value="little"/>
    <property name="user.home" value="C:\Users\mateo"/>
    <property name="user.language" value="es"/>
    <property name="java.specification.vendor" value="Oracle Corporation"/>
    <property name="java.version.date" value="2024-01-16"/>
    <property name="java.home" value="C:\Users\mateo\.jdks\corretto-17.0.10"/>
    <property name="file.separator" value="\"/>
    <property name="basedir" value="D:\CloudComputing\reserva-canchas\fields-microservice"/>
    <property name="java.vm.compressedOopsMode" value="32-bit"/>
    <property name="line.separator" value="&#10;"/>
    <property name="java.vm.specification.vendor" value="Oracle Corporation"/>
    <property name="java.specification.name" value="Java Platform API Specification"/>
    <property name="FILE_LOG_CHARSET" value="windows-1252"/>
    <property name="java.awt.headless" value="true"/>
    <property name="surefire.real.class.path" value="C:\Users\mateo\AppData\Local\Temp\surefire15069834702148528075\surefirebooter-20241005021803319_3.jar"/>
    <property name="user.script" value=""/>
    <property name="sun.management.compiler" value="HotSpot 64-Bit Tiered Compilers"/>
    <property name="java.runtime.version" value="17.0.10+7-LTS"/>
    <property name="user.name" value="mateo"/>
    <property name="path.separator" value=";"/>
    <property name="os.version" value="10.0"/>
    <property name="java.runtime.name" value="OpenJDK Runtime Environment"/>
    <property name="file.encoding" value="Cp1252"/>
    <property name="java.vm.name" value="OpenJDK 64-Bit Server VM"/>
    <property name="java.vendor.version" value="Corretto-17.0.10.7.1"/>
    <property name="localRepository" value="C:\Users\mateo\.m2\repository"/>
    <property name="java.vendor.url.bug" value="https://github.com/corretto/corretto-17/issues/"/>
    <property name="java.io.tmpdir" value="C:\Users\mateo\AppData\Local\Temp\"/>
    <property name="com.zaxxer.hikari.pool_number" value="1"/>
    <property name="java.version" value="17.0.10"/>
    <property name="user.dir" value="D:\CloudComputing\reserva-canchas\fields-microservice"/>
    <property name="os.arch" value="amd64"/>
    <property name="java.vm.specification.name" value="Java Virtual Machine Specification"/>
    <property name="PID" value="10800"/>
    <property name="sun.os.patch.level" value=""/>
    <property name="CONSOLE_LOG_CHARSET" value="windows-1252"/>
    <property name="native.encoding" value="Cp1252"/>
    <property name="java.library.path" value="C:\Users\mateo\.jdks\corretto-17.0.10\bin;C:\WINDOWS\Sun\Java\bin;C:\WINDOWS\system32;C:\WINDOWS;C:\Users\mateo\AppData\Local\Programs\Python\Python312\Scripts;C:\Users\mateo\AppData\Local\Programs\Python\Python312;C:\Program Files\Apache\maven\bin;D:\sqlite;C:\Program Files (x86)\Common Files\Oracle\Java\javapath;C:\Program Files\PostgreSQL\16\bin;C:\WINDOWS\system32;C:\WINDOWS;C:\WINDOWS\System32\Wbem;C:\WINDOWS\System32\WindowsPowerShell\v1.0\;C:\WINDOWS\System32\OpenSSH\;C:\Program Files\Git\cmd;C:\Program Files\NVIDIA Corporation\NVIDIA NvDLISR;C:\Program Files\Docker\Docker\resources\bin;C:\Program Files\nodejs\;C:\ProgramData\chocolatey\bin;C:\Program Files\Genymobile\Genymotion\tools;C:\Program Files\MATLAB\R2024a\bin;C:\Program Files (x86)\NVIDIA Corporation\PhysX\Common;C:\Program Files\Amazon\AWSCLIV2\;C:\Program Files\MySQL\MySQL Shell 8.0\bin\;C:\Users\mateo\AppData\Local\Programs\Python\Launcher\;C:\Users\mateo\AppData\Local\Microsoft\WindowsApps;C:\Users\mateo\AppData\Local\Programs\Microsoft VS Code\bin;C:\Program Files\JetBrains\IntelliJ IDEA 2024.1\bin;;C:\Program Files\JetBrains\DataGrip 2024.1.2\bin;;C:\Users\mateo\AppData\Local\Microsoft\WinGet\Packages\Schniz.fnm_Microsoft.Winget.Source_8wekyb3d8bbwe;C:\Users\mateo\AppData\Roaming\npm;."/>
    <property name="java.vm.info" value="mixed mode, sharing"/>
    <property name="java.vendor" value="Amazon.com Inc."/>
    <property name="java.vm.version" value="17.0.10+7-LTS"/>
    <property name="sun.io.unicode.encoding" value="UnicodeLittle"/>
    <property name="java.class.version" value="61.0"/>
    <property name="LOGGED_APPLICATION_NAME" value="[fields-management] "/>
  </properties>
  <testcase name="contextLoads" classname="org.example.fieldsmanagement.FieldsManagementApplicationTests" time="1.129">
    <system-out><![CDATA[02:18:04.432 [main] INFO org.springframework.test.context.support.AnnotationConfigContextLoaderUtils -- Could not detect default configuration classes for test class [org.example.fieldsmanagement.FieldsManagementApplicationTests]: FieldsManagementApplicationTests does not declare any static, non-private, non-final, nested classes annotated with @Configuration.
02:18:04.623 [main] INFO org.springframework.boot.test.context.SpringBootTestContextBootstrapper -- Found @SpringBootConfiguration org.example.fieldsmanagement.FieldsManagementApplication for test class org.example.fieldsmanagement.FieldsManagementApplicationTests

  .   ____          _            __ _ _
 /\\ / ___'_ __ _ _(_)_ __  __ _ \ \ \ \
( ( )\___ | '_ | '_| | '_ \/ _` | \ \ \ \
 \\/  ___)| |_)| | | | | || (_| |  ) ) ) )
  '  |____| .__|_| |_|_| |_\__, | / / / /
 =========|_|==============|___/=/_/_/_/

 :: Spring Boot ::                (v3.3.4)

2024-10-05T02:18:05.290-05:00  INFO 10800 --- [fields-management] [           main] o.e.f.FieldsManagementApplicationTests   : Starting FieldsManagementApplicationTests using Java 17.0.10 with PID 10800 (started by mateo in D:\CloudComputing\reserva-canchas\fields-microservice)
2024-10-05T02:18:05.292-05:00  INFO 10800 --- [fields-management] [           main] o.e.f.FieldsManagementApplicationTests   : No active profile set, falling back to 1 default profile: "default"
2024-10-05T02:18:06.341-05:00  INFO 10800 --- [fields-management] [           main] .s.d.r.c.RepositoryConfigurationDelegate : Bootstrapping Spring Data JPA repositories in DEFAULT mode.
2024-10-05T02:18:06.432-05:00  INFO 10800 --- [fields-management] [           main] .s.d.r.c.RepositoryConfigurationDelegate : Finished Spring Data repository scanning in 79 ms. Found 3 JPA repository interfaces.
2024-10-05T02:18:06.905-05:00  INFO 10800 --- [fields-management] [           main] org.testcontainers.images.PullPolicy     : Image pull policy will be performed by: DefaultPullPolicy()
2024-10-05T02:18:06.909-05:00  INFO 10800 --- [fields-management] [           main] o.t.utility.ImageNameSubstitutor         : Image name substitution will be performed by: DefaultImageNameSubstitutor (composite of 'ConfigurationFileImageNameSubstitutor' and 'PrefixingImageNameSubstitutor')
2024-10-05T02:18:07.217-05:00  INFO 10800 --- [fields-management] [           main] o.t.d.DockerClientProviderStrategy       : Loaded org.testcontainers.dockerclient.NpipeSocketClientProviderStrategy from ~/.testcontainers.properties, will try it first
2024-10-05T02:18:07.660-05:00  INFO 10800 --- [fields-management] [           main] o.t.d.DockerClientProviderStrategy       : Found Docker environment with local Npipe socket (npipe:////./pipe/docker_engine)
2024-10-05T02:18:07.663-05:00  INFO 10800 --- [fields-management] [           main] org.testcontainers.DockerClientFactory   : Docker host IP address is localhost
2024-10-05T02:18:07.683-05:00  INFO 10800 --- [fields-management] [           main] org.testcontainers.DockerClientFactory   : Connected to docker: 
  Server Version: 26.0.0
  API Version: 1.45
  Operating System: Docker Desktop
  Total Memory: 3809 MB
2024-10-05T02:18:07.880-05:00  INFO 10800 --- [fields-management] [           main] tc.testcontainers/ryuk:0.7.0             : Pulling docker image: testcontainers/ryuk:0.7.0. Please be patient; this may take some time but only needs to be done once.
2024-10-05T02:18:08.250-05:00  INFO 10800 --- [fields-management] [           main] o.t.utility.RegistryAuthLocator          : Credential helper/store (docker-credential-desktop) does not have credentials for https://index.docker.io/v1/
2024-10-05T02:18:16.206-05:00  INFO 10800 --- [fields-management] [tream-516338723] tc.testcontainers/ryuk:0.7.0             : Starting to pull image
2024-10-05T02:18:16.248-05:00  INFO 10800 --- [fields-management] [tream-516338723] tc.testcontainers/ryuk:0.7.0             : Pulling image layers:  0 pending,  0 downloaded,  0 extracted, (0 bytes/0 bytes)
2024-10-05T02:18:22.943-05:00  INFO 10800 --- [fields-management] [tream-516338723] tc.testcontainers/ryuk:0.7.0             : Pulling image layers:  2 pending,  1 downloaded,  0 extracted, (688 KB/? MB)
2024-10-05T02:18:23.635-05:00  INFO 10800 --- [fields-management] [tream-516338723] tc.testcontainers/ryuk:0.7.0             : Pulling image layers:  1 pending,  2 downloaded,  0 extracted, (5 MB/? MB)
2024-10-05T02:18:23.643-05:00  INFO 10800 --- [fields-management] [tream-516338723] tc.testcontainers/ryuk:0.7.0             : Pulling image layers:  0 pending,  3 downloaded,  0 extracted, (5 MB/6 MB)
2024-10-05T02:18:25.590-05:00  INFO 10800 --- [fields-management] [tream-516338723] tc.testcontainers/ryuk:0.7.0             : Pulling image layers:  0 pending,  3 downloaded,  1 extracted, (5 MB/6 MB)
2024-10-05T02:18:26.141-05:00  INFO 10800 --- [fields-management] [tream-516338723] tc.testcontainers/ryuk:0.7.0             : Pulling image layers:  0 pending,  3 downloaded,  2 extracted, (5 MB/6 MB)
2024-10-05T02:18:26.635-05:00  INFO 10800 --- [fields-management] [tream-516338723] tc.testcontainers/ryuk:0.7.0             : Pulling image layers:  0 pending,  3 downloaded,  3 extracted, (6 MB/6 MB)
2024-10-05T02:18:26.883-05:00  INFO 10800 --- [fields-management] [tream-516338723] tc.testcontainers/ryuk:0.7.0             : Pull complete. 3 layers, pulled in 10s (downloaded 6 MB at 659 KB/s)
2024-10-05T02:18:26.884-05:00  INFO 10800 --- [fields-management] [           main] tc.testcontainers/ryuk:0.7.0             : Image testcontainers/ryuk:0.7.0 pull took PT19.0032974S
2024-10-05T02:18:26.922-05:00  INFO 10800 --- [fields-management] [           main] tc.testcontainers/ryuk:0.7.0             : Creating container for image: testcontainers/ryuk:0.7.0
2024-10-05T02:18:28.235-05:00  INFO 10800 --- [fields-management] [           main] tc.testcontainers/ryuk:0.7.0             : Container testcontainers/ryuk:0.7.0 is starting: 9c706cef0aabf0209abdbf8b55c961075c3705691479fe97975991b53e3a8da2
2024-10-05T02:18:30.980-05:00  INFO 10800 --- [fields-management] [           main] tc.testcontainers/ryuk:0.7.0             : Container testcontainers/ryuk:0.7.0 started in PT4.0587938S
2024-10-05T02:18:31.003-05:00  INFO 10800 --- [fields-management] [           main] o.t.utility.RyukResourceReaper           : Ryuk started - will monitor and terminate Testcontainers containers on JVM exit
2024-10-05T02:18:31.004-05:00  INFO 10800 --- [fields-management] [           main] org.testcontainers.DockerClientFactory   : Checking the system...
2024-10-05T02:18:31.004-05:00  INFO 10800 --- [fields-management] [           main] org.testcontainers.DockerClientFactory   : ?? Docker server version should be at least 1.6.0
2024-10-05T02:18:31.011-05:00  INFO 10800 --- [fields-management] [           main] tc.postgres:latest                       : Pulling docker image: postgres:latest. Please be patient; this may take some time but only needs to be done once.
2024-10-05T02:18:34.740-05:00  INFO 10800 --- [fields-management] [ream-1452435350] tc.postgres:latest                       : Starting to pull image
2024-10-05T02:18:34.741-05:00  INFO 10800 --- [fields-management] [ream-1452435350] tc.postgres:latest                       : Pulling image layers:  0 pending,  0 downloaded,  0 extracted, (0 bytes/0 bytes)
2024-10-05T02:18:35.561-05:00  INFO 10800 --- [fields-management] [ream-1452435350] tc.postgres:latest                       : Pulling image layers: 13 pending,  1 downloaded,  0 extracted, (46 KB/? MB)
2024-10-05T02:18:35.720-05:00  INFO 10800 --- [fields-management] [ream-1452435350] tc.postgres:latest                       : Pulling image layers: 13 pending,  1 downloaded,  1 extracted, (1 MB/? MB)
2024-10-05T02:18:35.833-05:00  INFO 10800 --- [fields-management] [ream-1452435350] tc.postgres:latest                       : Pulling image layers: 12 pending,  2 downloaded,  1 extracted, (2 MB/? MB)
2024-10-05T02:18:35.975-05:00  INFO 10800 --- [fields-management] [ream-1452435350] tc.postgres:latest                       : Pulling image layers: 11 pending,  3 downloaded,  1 extracted, (4 MB/? MB)
2024-10-05T02:18:36.376-05:00  INFO 10800 --- [fields-management] [ream-1452435350] tc.postgres:latest                       : Pulling image layers: 10 pending,  4 downloaded,  1 extracted, (6 MB/? MB)
2024-10-05T02:18:36.609-05:00  INFO 10800 --- [fields-management] [ream-1452435350] tc.postgres:latest                       : Pulling image layers:  9 pending,  5 downloaded,  1 extracted, (9 MB/? MB)
2024-10-05T02:18:36.753-05:00  INFO 10800 --- [fields-management] [ream-1452435350] tc.postgres:latest                       : Pulling image layers:  8 pending,  6 downloaded,  1 extracted, (12 MB/? MB)
2024-10-05T02:18:36.890-05:00  INFO 10800 --- [fields-management] [ream-1452435350] tc.postgres:latest                       : Pulling image layers:  7 pending,  7 downloaded,  1 extracted, (12 MB/? MB)
2024-10-05T02:18:37.560-05:00  INFO 10800 --- [fields-management] [ream-1452435350] tc.postgres:latest                       : Pulling image layers:  6 pending,  8 downloaded,  1 extracted, (12 MB/? MB)
2024-10-05T02:18:37.638-05:00  INFO 10800 --- [fields-management] [ream-1452435350] tc.postgres:latest                       : Pulling image layers:  5 pending,  9 downloaded,  1 extracted, (12 MB/? MB)
2024-10-05T02:18:37.984-05:00  INFO 10800 --- [fields-management] [ream-1452435350] tc.postgres:latest                       : Pulling image layers:  4 pending, 10 downloaded,  1 extracted, (12 MB/? MB)
2024-10-05T02:18:38.238-05:00  INFO 10800 --- [fields-management] [ream-1452435350] tc.postgres:latest                       : Pulling image layers:  3 pending, 11 downloaded,  1 extracted, (12 MB/? MB)
2024-10-05T02:18:38.476-05:00  INFO 10800 --- [fields-management] [ream-1452435350] tc.postgres:latest                       : Pulling image layers:  3 pending, 11 downloaded,  2 extracted, (12 MB/? MB)
2024-10-05T02:18:38.574-05:00  INFO 10800 --- [fields-management] [ream-1452435350] tc.postgres:latest                       : Pulling image layers:  2 pending, 12 downloaded,  2 extracted, (12 MB/? MB)
2024-10-05T02:18:38.720-05:00  INFO 10800 --- [fields-management] [ream-1452435350] tc.postgres:latest                       : Pulling image layers:  2 pending, 12 downloaded,  3 extracted, (13 MB/? MB)
2024-10-05T02:18:39.601-05:00  INFO 10800 --- [fields-management] [ream-1452435350] tc.postgres:latest                       : Pulling image layers:  2 pending, 12 downloaded,  4 extracted, (13 MB/? MB)
2024-10-05T02:18:39.760-05:00  INFO 10800 --- [fields-management] [ream-1452435350] tc.postgres:latest                       : Pulling image layers:  2 pending, 12 downloaded,  5 extracted, (14 MB/? MB)
2024-10-05T02:18:39.789-05:00  INFO 10800 --- [fields-management] [ream-1452435350] tc.postgres:latest                       : Pulling image layers:  2 pending, 12 downloaded,  6 extracted, (14 MB/? MB)
2024-10-05T02:18:39.817-05:00  INFO 10800 --- [fields-management] [ream-1452435350] tc.postgres:latest                       : Pulling image layers:  2 pending, 12 downloaded,  7 extracted, (14 MB/? MB)
2024-10-05T02:19:10.539-05:00  INFO 10800 --- [fields-management] [ream-1452435350] tc.postgres:latest                       : Pulling image layers:  1 pending, 13 downloaded,  7 extracted, (117 MB/? MB)
2024-10-05T02:19:26.246-05:00  INFO 10800 --- [fields-management] [ream-1452435350] tc.postgres:latest                       : Pulling image layers:  1 pending, 13 downloaded,  8 extracted, (119 MB/? MB)
2024-10-05T02:19:26.290-05:00  INFO 10800 --- [fields-management] [ream-1452435350] tc.postgres:latest                       : Pulling image layers:  1 pending, 13 downloaded,  9 extracted, (119 MB/? MB)
2024-10-05T02:19:26.320-05:00  INFO 10800 --- [fields-management] [ream-1452435350] tc.postgres:latest                       : Pulling image layers:  1 pending, 13 downloaded, 10 extracted, (119 MB/? MB)
2024-10-05T02:19:26.347-05:00  INFO 10800 --- [fields-management] [ream-1452435350] tc.postgres:latest                       : Pulling image layers:  1 pending, 13 downloaded, 11 extracted, (119 MB/? MB)
2024-10-05T02:19:26.382-05:00  INFO 10800 --- [fields-management] [ream-1452435350] tc.postgres:latest                       : Pulling image layers:  1 pending, 13 downloaded, 12 extracted, (119 MB/? MB)
2024-10-05T02:19:26.415-05:00  INFO 10800 --- [fields-management] [ream-1452435350] tc.postgres:latest                       : Pulling image layers:  1 pending, 13 downloaded, 13 extracted, (119 MB/? MB)
2024-10-05T02:19:26.439-05:00  INFO 10800 --- [fields-management] [           main] tc.postgres:latest                       : Image postgres:latest pull took PT55.4280876S
2024-10-05T02:19:26.439-05:00  INFO 10800 --- [fields-management] [ream-1452435350] tc.postgres:latest                       : Pull complete. 14 layers, pulled in 51s (downloaded 119 MB at 2 MB/s)
2024-10-05T02:19:26.452-05:00  INFO 10800 --- [fields-management] [           main] tc.postgres:latest                       : Creating container for image: postgres:latest
2024-10-05T02:19:26.881-05:00  INFO 10800 --- [fields-management] [           main] tc.postgres:latest                       : Container postgres:latest is starting: 9e1c021ba182ba90e4a7064438017ea9bf666bb5cb0f45003328a906a12aba06
2024-10-05T02:19:38.134-05:00  INFO 10800 --- [fields-management] [           main] tc.postgres:latest                       : Container postgres:latest started in PT11.6812134S
2024-10-05T02:19:38.135-05:00  INFO 10800 --- [fields-management] [           main] tc.postgres:latest                       : Container is started (JDBC URL: jdbc:postgresql://localhost:61595/test?loggerLevel=OFF)
2024-10-05T02:19:38.340-05:00  INFO 10800 --- [fields-management] [           main] o.hibernate.jpa.internal.util.LogHelper  : HHH000204: Processing PersistenceUnitInfo [name: default]
2024-10-05T02:19:38.461-05:00  INFO 10800 --- [fields-management] [           main] org.hibernate.Version                    : HHH000412: Hibernate ORM core version 6.5.3.Final
2024-10-05T02:19:38.531-05:00  INFO 10800 --- [fields-management] [           main] o.h.c.internal.RegionFactoryInitiator    : HHH000026: Second-level cache disabled
2024-10-05T02:19:39.073-05:00  INFO 10800 --- [fields-management] [           main] o.s.o.j.p.SpringPersistenceUnitInfo      : No LoadTimeWeaver setup: ignoring JPA class transformer
2024-10-05T02:19:39.313-05:00  INFO 10800 --- [fields-management] [           main] com.zaxxer.hikari.HikariDataSource       : HikariPool-1 - Starting...
2024-10-05T02:19:41.374-05:00  INFO 10800 --- [fields-management] [           main] com.zaxxer.hikari.pool.HikariPool        : HikariPool-1 - Added connection org.postgresql.jdbc.PgConnection@493968a9
2024-10-05T02:19:41.376-05:00  INFO 10800 --- [fields-management] [           main] com.zaxxer.hikari.HikariDataSource       : HikariPool-1 - Start completed.
2024-10-05T02:19:44.863-05:00  INFO 10800 --- [fields-management] [           main] o.h.e.t.j.p.i.JtaPlatformInitiator       : HHH000489: No JTA platform available (set 'hibernate.transaction.jta.platform' to enable JTA platform integration)
2024-10-05T02:19:45.003-05:00  INFO 10800 --- [fields-management] [           main] j.LocalContainerEntityManagerFactoryBean : Initialized JPA EntityManagerFactory for persistence unit 'default'
2024-10-05T02:19:53.964-05:00  WARN 10800 --- [fields-management] [           main] JpaBaseConfiguration$JpaWebConfiguration : spring.jpa.open-in-view is enabled by default. Therefore, database queries may be performed during view rendering. Explicitly configure spring.jpa.open-in-view to disable this warning
2024-10-05T02:19:54.576-05:00  INFO 10800 --- [fields-management] [           main] o.e.f.FieldsManagementApplicationTests   : Started FieldsManagementApplicationTests in 109.708 seconds (process running for 111.06)
]]></system-out>
  </testcase>
</testsuite>